TN:
SF:D:/Angular 5 training/angular-library-mgt/src/polyfills.ts
FNF:0
FNH:0
DA:46,1
DA:73,1
LF:2
LH:2
BRF:0
BRH:0
end_of_record
TN:
SF:D:/Angular 5 training/angular-library-mgt/src/test.ts
FNF:0
FNH:0
DA:3,1
DA:4,1
DA:5,1
DA:13,1
DA:18,1
DA:20,1
LF:6
LH:6
BRF:0
BRH:0
end_of_record
TN:
SF:D:/Angular 5 training/angular-library-mgt/src/app/app.component.ts
FN:11,(anonymous_2)
FN:18,AppComponent
FN:20,(anonymous_4)
FN:23,(anonymous_5)
FN:25,(anonymous_6)
FN:59,(anonymous_7)
FN:66,(anonymous_8)
FNF:7
FNH:1
FNDA:1,(anonymous_2)
FNDA:0,AppComponent
FNDA:0,(anonymous_4)
FNDA:0,(anonymous_5)
FNDA:0,(anonymous_6)
FNDA:0,(anonymous_7)
FNDA:0,(anonymous_8)
DA:1,1
DA:3,1
DA:4,1
DA:11,1
DA:12,1
DA:13,0
DA:16,0
DA:18,0
DA:20,1
DA:21,0
DA:24,0
DA:26,0
DA:30,0
DA:56,0
DA:59,1
DA:61,0
DA:66,1
DA:67,0
DA:69,1
LF:19
LH:9
BRF:0
BRH:0
end_of_record
TN:
SF:D:/Angular 5 training/angular-library-mgt/src/app/book/book.component.ts
FN:11,(anonymous_2)
FN:16,BookComponent
FN:18,(anonymous_4)
FN:22,(anonymous_5)
FNF:4
FNH:1
FNDA:1,(anonymous_2)
FNDA:0,BookComponent
FNDA:0,(anonymous_4)
FNDA:0,(anonymous_5)
DA:1,1
DA:2,1
DA:3,1
DA:11,1
DA:12,1
DA:13,1
DA:14,0
DA:16,0
DA:18,1
DA:22,1
DA:23,0
DA:29,1
LF:12
LH:9
BRF:0
BRH:0
end_of_record
TN:
SF:D:/Angular 5 training/angular-library-mgt/src/app/book/book.service.ts
FN:7,(anonymous_2)
FN:9,BookService
FN:13,(anonymous_4)
FN:14,(anonymous_5)
FNF:4
FNH:1
FNDA:1,(anonymous_2)
FNDA:0,BookService
FNDA:0,(anonymous_4)
FNDA:0,(anonymous_5)
DA:1,1
DA:2,1
DA:4,1
DA:7,1
DA:8,0
DA:10,0
DA:13,1
DA:14,0
DA:16,1
LF:9
LH:6
BRF:0
BRH:0
end_of_record
TN:
SF:D:/Angular 5 training/angular-library-mgt/src/app/constants/urls.constant.ts
FNF:0
FNH:0
DA:1,1
LF:1
LH:1
BRF:0
BRH:0
end_of_record
TN:
SF:D:/Angular 5 training/angular-library-mgt/src/app/directives/hover-elemnt/hover-element.directive.ts
FN:6,(anonymous_2)
FN:9,HoverElementDirective
FN:13,(anonymous_4)
FN:17,(anonymous_5)
FNF:4
FNH:4
FNDA:1,(anonymous_2)
FNDA:2,HoverElementDirective
FNDA:1,(anonymous_4)
FNDA:1,(anonymous_5)
DA:1,1
DA:6,1
DA:7,1
DA:10,2
DA:13,2
DA:14,1
DA:17,2
DA:18,1
DA:21,1
LF:9
LH:9
BRF:0
BRH:0
end_of_record
TN:
SF:D:/Angular 5 training/angular-library-mgt/src/app/models/book.model.ts
FN:1,(anonymous_0)
FNF:1
FNH:1
FNDA:1,(anonymous_0)
DA:1,1
DA:6,1
LF:2
LH:2
BRF:0
BRH:0
end_of_record
TN:
SF:D:/Angular 5 training/angular-library-mgt/src/app/selected-book/selected-book.component.ts
FN:9,(anonymous_2)
FN:12,SelectedBookComponent
FN:14,(anonymous_4)
FN:17,(anonymous_5)
FNF:4
FNH:1
FNDA:1,(anonymous_2)
FNDA:0,SelectedBookComponent
FNDA:0,(anonymous_4)
FNDA:0,(anonymous_5)
DA:1,1
DA:2,1
DA:9,1
DA:10,1
DA:14,1
DA:17,1
DA:18,0
DA:19,0
DA:22,1
LF:9
LH:7
BRF:0
BRH:0
end_of_record
TN:
SF:D:/Angular 5 training/angular-library-mgt/src/app/services/books.service.ts
FN:13,(anonymous_2)
FN:27,BooksService
FN:37,(anonymous_4)
FN:39,(anonymous_5)
FN:41,(anonymous_6)
FNF:5
FNH:1
FNDA:1,(anonymous_2)
FNDA:0,BooksService
FNDA:0,(anonymous_4)
FNDA:0,(anonymous_5)
FNDA:0,(anonymous_6)
DA:2,1
DA:3,1
DA:4,1
DA:7,1
DA:8,1
DA:9,1
DA:10,1
DA:13,1
DA:14,0
DA:28,0
DA:29,0
DA:37,1
DA:38,0
DA:40,0
DA:41,0
DA:42,0
DA:45,1
LF:17
LH:10
BRDA:41,0,0,0
BRDA:41,0,1,0
BRF:2
BRH:0
end_of_record
TN:
SF:D:/Angular 5 training/angular-library-mgt/src/environments/environment.ts
FNF:0
FNH:0
DA:6,1
DA:7,1
LF:2
LH:2
BRF:0
BRH:0
end_of_record
