TN:
SF:d:/Angular 5 training/angular-library-mgt/src/polyfills.ts
FNF:0
FNH:0
DA:46,1
DA:73,1
LF:2
LH:2
BRF:0
BRH:0
end_of_record
TN:
SF:d:/Angular 5 training/angular-library-mgt/src/test.ts
FNF:0
FNH:0
DA:3,1
DA:4,1
DA:5,1
DA:13,1
DA:18,1
DA:20,1
LF:6
LH:6
BRF:0
BRH:0
end_of_record
TN:
SF:d:/Angular 5 training/angular-library-mgt/src/app/app.component.ts
FN:9,(anonymous_1)
FN:4,AppComponent
FN:25,(anonymous_3)
FN:29,(anonymous_4)
FNF:4
FNH:2
FNDA:1,(anonymous_1)
FNDA:2,AppComponent
FNDA:0,(anonymous_3)
FNDA:0,(anonymous_4)
DA:1,1
DA:9,1
DA:10,2
DA:11,2
DA:25,1
DA:26,0
DA:29,1
DA:30,0
DA:32,1
LF:9
LH:7
BRF:0
BRH:0
end_of_record
TN:
SF:d:/Angular 5 training/angular-library-mgt/src/app/book/book.component.ts
FN:9,(anonymous_2)
FN:13,BookComponent
FN:15,(anonymous_4)
FN:17,(anonymous_5)
FNF:4
FNH:4
FNDA:1,(anonymous_2)
FNDA:2,BookComponent
FNDA:2,(anonymous_4)
FNDA:1,(anonymous_5)
DA:1,1
DA:2,1
DA:9,1
DA:10,1
DA:11,3
DA:15,1
DA:17,1
DA:18,1
DA:20,1
LF:9
LH:9
BRF:0
BRH:0
end_of_record
TN:
SF:d:/Angular 5 training/angular-library-mgt/src/app/models/book.model.ts
FN:1,(anonymous_0)
FNF:1
FNH:1
FNDA:1,(anonymous_0)
DA:1,1
DA:6,1
LF:2
LH:2
BRF:0
BRH:0
end_of_record
